[00:00:15] [Server thread/INFO]: <fishpaste321> yeah
[00:00:19] [Server thread/INFO]: <ebonboyger> cool do it
[00:00:20] [Server thread/INFO]: ebonboyger lost connection: Disconnected
[00:00:20] [Server thread/INFO]: ebonboyger left the game
[00:00:23] [Server thread/INFO]: <TrumpNotElected> ok, im in
[00:00:54] [User Authenticator #36/INFO]: UUID of player ebonboyger is a34474b7-d1b6-4e2e-bbdc-a6ad9fd76511
[00:00:54] [Server thread/INFO]: ebonboyger[/71.36.101.244:50589] logged in with entity id 214767 at (810.2058002628415, 75.0, 374.30000001192093)
[00:00:54] [Server thread/INFO]: ebonboyger joined the game
[00:04:26] [Server thread/INFO]: <TrumpNotElected> im going to leave, cya guys
[00:04:30] [Server thread/INFO]: <ebonboyger> ok, adios?
[00:04:31] [Server thread/INFO]: <fishpaste321> bye
[00:04:32] [Server thread/INFO]: <ebonboyger> *!
[00:04:33] [Server thread/INFO]: TrumpNotElected lost connection: Disconnected
[00:04:33] [Server thread/INFO]: TrumpNotElected left the game
[00:05:04] [Server thread/INFO]: fishpaste321 fell from a high place
[00:05:42] [Server thread/WARN]: Can't keep up! Is the server overloaded? Running 2535ms or 50 ticks behind
[00:07:17] [Server thread/INFO]: ebonboyger lost connection: Disconnected
[00:07:17] [Server thread/INFO]: ebonboyger left the game
[00:07:20] [User Authenticator #37/INFO]: UUID of player ebonboyger is a34474b7-d1b6-4e2e-bbdc-a6ad9fd76511
[00:07:20] [Server thread/INFO]: ebonboyger[/71.36.101.244:50598] logged in with entity id 218688 at (1219.5437648050324, 87.0, 690.8600543115015)
[00:07:20] [Server thread/INFO]: ebonboyger joined the game
[00:16:32] [Server thread/WARN]: ebonboyger moved too quickly! -6.099501573701787,3.0,7.40395411857304
[00:25:44] [Server thread/INFO]: fishpaste321 has made the advancement [A Seedy Place]
[00:37:51] [Server thread/INFO]: fishpaste321 was slain by Zombie
[00:38:08] [Server thread/INFO]: fishpaste321 lost connection: Disconnected
[00:38:08] [Server thread/INFO]: fishpaste321 left the game
[00:38:16] [User Authenticator #38/INFO]: UUID of player fishpaste321 is bc81060d-e1ab-4307-916b-87864ad6da60
[00:38:16] [Server thread/INFO]: fishpaste321[/97.115.139.146:52213] logged in with entity id 231885 at (83.0507292542989, 69.0, 57.56412251635878)
[00:38:16] [Server thread/INFO]: fishpaste321 joined the game
[00:43:32] [User Authenticator #39/INFO]: UUID of player ImperialPanlong is 7c2f7803-94f4-4fde-8980-addfefc5adf4
[00:43:32] [Server thread/INFO]: ImperialPanlong[/148.76.179.8:5852] logged in with entity id 234134 at (1176.699999988079, 82.0, 577.1008413841357)
[00:43:32] [Server thread/INFO]: ImperialPanlong joined the game
[00:49:20] [Server thread/WARN]: Boat (vehicle of ebonboyger) moved too quickly! 7.930710186195029,0.0,6.727835489138556
[00:49:20] [Server thread/WARN]: Boat (vehicle of ebonboyger) moved too quickly! 8.235737513649838,0.0,6.986598378696044
[00:49:20] [Server thread/WARN]: Boat (vehicle of ebonboyger) moved too quickly! 8.540764841380451,0.0,7.245361267949988
[00:49:20] [Server thread/WARN]: Boat (vehicle of ebonboyger) moved too quickly! 8.845792169359356,0.0,7.504124156930629
[00:49:20] [Server thread/WARN]: Boat (vehicle of ebonboyger) moved too quickly! 9.15081949756177,0.0,7.762887045665252
[00:49:20] [Server thread/WARN]: Boat (vehicle of ebonboyger) moved too quickly! 9.455846825965182,0.0,8.021649934178527
[00:49:20] [Server thread/WARN]: Boat (vehicle of ebonboyger) moved too quickly! 9.760874154549583,0.0,8.280412822492622
[00:49:20] [Server thread/WARN]: Boat (vehicle of ebonboyger) moved too quickly! 10.065901483296784,0.0,8.539175710627433
[00:49:20] [Server thread/WARN]: Boat (vehicle of ebonboyger) moved too quickly! 10.370928812190641,0.0,8.797938598600808
[00:49:20] [Server thread/WARN]: Boat (vehicle of ebonboyger) moved too quickly! 10.675956141216375,0.0,9.056701486429006
[00:49:20] [Server thread/WARN]: Boat (vehicle of ebonboyger) moved too quickly! 10.980983470361025,0.0,9.315464374126464
[00:49:20] [Server thread/WARN]: Boat (vehicle of ebonboyger) moved too quickly! 11.28601079961254,0.0,9.574227261706369
[00:49:20] [Server thread/WARN]: Boat (vehicle of ebonboyger) moved too quickly! 11.591038128960236,0.0,9.832990149180318
[00:49:20] [Server thread/WARN]: Boat (vehicle of ebonboyger) moved too quickly! 11.896065458394332,0.0,10.091753036558998
[00:49:20] [Server thread/WARN]: Boat (vehicle of ebonboyger) moved too quickly! 12.201092787906418,0.0,10.350515923851958
[00:49:20] [Server thread/WARN]: Boat (vehicle of ebonboyger) moved too quickly! 12.506120117488535,0.0,10.609278811067725
[00:49:20] [Server thread/WARN]: Boat (vehicle of ebonboyger) moved too quickly! 12.811147447133862,0.0,10.868041698214029
[00:49:20] [Server thread/WARN]: Boat (vehicle of ebonboyger) moved too quickly! 13.116174776836033,0.0,11.126804585297805
[00:49:20] [Server thread/WARN]: Boat (vehicle of ebonboyger) moved too quickly! 13.421202106589135,0.0,11.385567472325306
[00:49:20] [Server thread/WARN]: Can't keep up! Is the server overloaded? Running 2168ms or 43 ticks behind
[00:58:15] [Server thread/INFO]: fishpaste321 has made the advancement [Acquire Hardware]
[01:00:35] [Server thread/INFO]: ImperialPanlong lost connection: Disconnected
[01:00:35] [Server thread/INFO]: ImperialPanlong left the game
[01:15:53] [Server thread/INFO]: ebonboyger has made the advancement [The Parrots and the Bats]
[01:56:07] [Server thread/INFO]: ebonboyger lost connection: Disconnected
[01:56:07] [Server thread/INFO]: ebonboyger left the game
[02:00:42] [Server thread/INFO]: fishpaste321 lost connection: Disconnected
[02:00:42] [Server thread/INFO]: fishpaste321 left the game
[02:49:05] [User Authenticator #40/INFO]: UUID of player ebonboyger is a34474b7-d1b6-4e2e-bbdc-a6ad9fd76511
[02:49:05] [Server thread/INFO]: ebonboyger[/71.36.101.244:49541] logged in with entity id 265657 at (295.69999998807907, 11.0, 563.4861376635287)
[02:49:05] [Server thread/INFO]: ebonboyger joined the game
[03:16:55] [Server thread/INFO]: com.mojang.authlib.GameProfile@73a5df08[id=<null>,name=Sammybooyyyy,properties={},legacy=false] (/75.164.96.197:51793) lost connection: Disconnected
[03:36:12] [User Authenticator #41/INFO]: UUID of player TurtleMasterPDX is c8a46742-765a-410f-a8e6-0680621e11cc
[03:36:12] [Server thread/INFO]: TurtleMasterPDX[/97.115.110.66:57412] logged in with entity id 275180 at (105.5, 68.0, 35.5)
[03:36:12] [Server thread/INFO]: TurtleMasterPDX joined the game
[03:36:18] [Server thread/INFO]: <ebonboyger> hello
[03:36:29] [Server thread/INFO]: <TurtleMasterPDX> oh my
[03:36:46] [Server thread/INFO]: <ebonboyger> wdym
[03:36:48] [Server thread/INFO]: <TurtleMasterPDX> these are some mountains
[03:36:57] [Server thread/INFO]: <ebonboyger> you havent logged on before i take it
[03:37:06] [Server thread/INFO]: <TurtleMasterPDX> yup, this is my first time
[03:37:12] [Server thread/INFO]: <ebonboyger> this is an amplified world
[03:37:27] [Server thread/INFO]: <TurtleMasterPDX> amazing
[03:37:30] [Server thread/INFO]: <ebonboyger> yes quit
[03:37:32] [Server thread/INFO]: <ebonboyger> quite
[03:39:26] [Server thread/INFO]: TurtleMasterPDX has made the advancement [Stone Age]
[03:39:45] [Server thread/INFO]: <TurtleMasterPDX> is there a dynmap for this wrold
[03:39:48] [Server thread/INFO]: <ebonboyger> not yet
[03:39:56] [Server thread/INFO]: <TurtleMasterPDX> oof
[03:39:58] [Server thread/INFO]: <ebonboyger> but i can give you the seed if you want to use chunkfinder
[03:40:12] [Server thread/INFO]: <TurtleMasterPDX> no, i dont need to find anything specific
[03:40:18] [Server thread/INFO]: <ebonboyger> ok cool
[03:41:15] [Server thread/INFO]: <TurtleMasterPDX> this amplified world would be AWESOME if we all had elytra and stuff, but its not so great at the very beginning of the game...
[03:41:29] [Server thread/INFO]: <ebonboyger> yeah thats true
[03:41:41] [Server thread/INFO]: <ebonboyger> i think the end will be a quicker thing than on the other server
[03:42:23] [Server thread/INFO]: <ebonboyger> brb
[03:42:24] [Server thread/INFO]: ebonboyger lost connection: Disconnected
[03:42:24] [Server thread/INFO]: ebonboyger left the game
[03:42:47] [Server thread/INFO]: TurtleMasterPDX has made the advancement [Sweet Dreams]
[03:43:14] [User Authenticator #42/INFO]: UUID of player ebonboyger is a34474b7-d1b6-4e2e-bbdc-a6ad9fd76511
[03:43:14] [Server thread/INFO]: ebonboyger[/71.36.101.244:49702] logged in with entity id 277359 at (306.28392017625424, 158.0, 470.04648356315425)
[03:43:14] [Server thread/INFO]: ebonboyger joined the game
[03:43:31] [Server thread/INFO]: <TurtleMasterPDX> do you know who's base is right at spawn?
[03:43:35] [Server thread/INFO]: <ebonboyger> um
[03:43:42] [Server thread/INFO]: <ebonboyger> with teh wood stairs?
[03:43:45] [Server thread/INFO]: <TurtleMasterPDX> yeah
[03:43:48] [Server thread/INFO]: <ebonboyger> madeline's
[03:44:32] [Server thread/INFO]: TurtleMasterPDX has made the advancement [A Seedy Place]
[03:44:55] [Server thread/WARN]: Fetching packet for removed entity bcv['Air'/277949, l='ServerLevel[world]', x=67.70, y=153.00, z=95.96]
[03:50:07] [Server thread/INFO]: <ebonboyger> welcome
[03:50:08] [Server thread/INFO]: <TurtleMasterPDX> aah so this is your base
[03:50:10] [Server thread/INFO]: <ebonboyger> yee
[03:50:26] [Server thread/INFO]: <ebonboyger> still under construction
[03:50:32] [Server thread/INFO]: <TurtleMasterPDX> yep
[03:50:42] [Server thread/INFO]: <TurtleMasterPDX> is the nether different
[03:50:49] [Server thread/INFO]: <ebonboyger> its normal nether
[03:50:52] [Server thread/INFO]: TurtleMasterPDX has made the advancement [We Need to Go Deeper]
[03:51:00] [Server thread/INFO]: TurtleMasterPDX has made the advancement [Monster Hunter]
[03:51:16] [Server thread/WARN]: Fetching packet for removed entity bcv['Cobblestone'/280315, l='ServerLevel[world]', x=315.15, y=160.22, z=480.73]
[03:51:27] [Server thread/INFO]: <TurtleMasterPDX> ok im done in the nether for now
[03:52:19] [Server thread/INFO]: <TurtleMasterPDX> does your base have an exit?
[03:52:26] [Server thread/INFO]: <ebonboyger> not exaclty
[03:52:30] [Server thread/INFO]: <ebonboyger> follow me
[03:52:47] [Server thread/INFO]: <ebonboyger> so look west as we go up the elevator and hold W
[03:53:04] [Server thread/INFO]: <ebonboyger> there we go
[03:53:05] [Server thread/INFO]: <TurtleMasterPDX> thanks
[03:53:09] [Server thread/INFO]: <ebonboyger> no prob
[03:53:22] [Server thread/INFO]: <TurtleMasterPDX> theres so many endermen
[03:53:36] [Server thread/INFO]: <ebonboyger> yes that hass been an interesting experience
[03:54:56] [User Authenticator #43/INFO]: UUID of player fishpaste321 is bc81060d-e1ab-4307-916b-87864ad6da60
[03:54:56] [Server thread/INFO]: fishpaste321[/97.115.139.146:52806] logged in with entity id 281857 at (84.51473901878413, 151.0, 109.51249998807906)
[03:54:56] [Server thread/INFO]: fishpaste321 joined the game
[03:59:22] [Server thread/WARN]: TurtleMasterPDX moved too quickly! -0.10084871314374055,-2.750812921255317,9.733232986841813
[03:59:22] [Server thread/WARN]: Can't keep up! Is the server overloaded? Running 2044ms or 40 ticks behind
[04:03:14] [Server thread/INFO]: fishpaste321 has made the advancement [Isn't It Iron Pick]
[04:03:54] [Server thread/INFO]: TurtleMasterPDX has made the advancement [Getting an Upgrade]
[04:13:21] [Server thread/INFO]: TurtleMasterPDX lost connection: Disconnected
[04:13:21] [Server thread/INFO]: TurtleMasterPDX left the game
[04:17:29] [Server thread/INFO]: <ebonboyger> hey sleep maybe?
[04:17:59] [Server thread/INFO]: <fishpaste321> im logging off in a sec
[04:18:15] [Server thread/INFO]: <ebonboyger> alright
[04:18:19] [Server thread/INFO]: fishpaste321 lost connection: Disconnected
[04:18:19] [Server thread/INFO]: fishpaste321 left the game
[04:37:04] [Server thread/INFO]: ebonboyger lost connection: Disconnected
[04:37:04] [Server thread/INFO]: ebonboyger left the game
[04:37:20] [User Authenticator #44/INFO]: UUID of player ebonboyger is a34474b7-d1b6-4e2e-bbdc-a6ad9fd76511
[04:37:20] [Server thread/INFO]: ebonboyger[/71.36.101.244:49982] logged in with entity id 294835 at (282.8274184362015, 143.5, 484.5787217712435)
[04:37:20] [Server thread/INFO]: ebonboyger joined the game
[04:47:55] [User Authenticator #45/INFO]: UUID of player ImperialPanlong is 7c2f7803-94f4-4fde-8980-addfefc5adf4
[04:47:55] [Server thread/INFO]: ImperialPanlong[/148.76.179.8:8743] logged in with entity id 296678 at (72.57044192767209, 17.0, 97.7452032293998)
[04:47:56] [Server thread/INFO]: ImperialPanlong joined the game
[04:48:05] [Server thread/INFO]: <ebonboyger> madeline yoooo
[04:48:18] [Server thread/INFO]: <ImperialPanlong> hewwo!
